2024-12-02 13:01:07 [32minfo[39m: New user registered: ariij.saleh@gmail.com
2024-12-02 13:01:08 [31merror[39m: Error sending email to ariij.saleh@gmail.com: getaddrinfo ENOTFOUND smtp.example.com
2024-12-02 13:01:08 [31merror[39m: User registration failed: Error sending email
2024-12-02 13:45:36 [33mwarn[39m: Attempted registration with existing email: ariij.saleh@gmail.com
2024-12-02 13:45:36 [31merror[39m: User registration failed: Email already exists
2024-12-02 13:47:47 [33mwarn[39m: Client Error: Expected double-quoted property name in JSON at position 69
2024-12-02 13:51:38 [32minfo[39m: New user registered: ariij.saleh@gmail.com
2024-12-02 13:51:38 [31merror[39m: Error sending email to ariij.saleh@gmail.com: getaddrinfo ENOTFOUND smtp.outlook.fr
2024-12-02 13:51:38 [31merror[39m: User registration failed: Error sending email
2024-12-02 13:53:39 [32minfo[39m: New user registered: ariij.saleh@gmail.com
2024-12-02 13:53:40 [31merror[39m: Error sending email to ariij.saleh@gmail.com: getaddrinfo ENOTFOUND smtp.outlook.fr
2024-12-02 13:53:40 [31merror[39m: User registration failed: Error sending email
2024-12-02 13:54:14 [32minfo[39m: New user registered: ariij.saleh@gmail.com
2024-12-02 13:54:22 [31merror[39m: Error sending email to ariij.saleh@gmail.com: Invalid login: 535 5.7.139 Authentication unsuccessful, basic authentication is disabled. [ZR0P278CA0012.CHEP278.PROD.OUTLOOK.COM 2024-12-02T12:54:22.053Z 08DD11C65DA8B95D]
2024-12-02 13:54:22 [31merror[39m: User registration failed: Error sending email
2024-12-02 14:17:29 [32minfo[39m: New user registered: ariij.saleh@gmail.com
2024-12-02 14:17:35 [31merror[39m: Error sending email to ariij.saleh@gmail.com: Invalid login: 535 5.7.139 Authentication unsuccessful, basic authentication is disabled. [MI1P293CA0019.ITAP293.PROD.OUTLOOK.COM 2024-12-02T13:17:35.391Z 08DD125075901BC1]
2024-12-02 14:17:35 [31merror[39m: User registration failed: Error sending email
2024-12-02 14:20:35 [32minfo[39m: New user registered: ariij.saleh@gmail.com
2024-12-02 14:20:41 [31merror[39m: Error sending email to ariij.saleh@gmail.com: Invalid login: 535 5.7.139 Authentication unsuccessful, basic authentication is disabled. [MI0P293CA0012.ITAP293.PROD.OUTLOOK.COM 2024-12-02T13:20:41.596Z 08DD11AC70FB2FA5]
2024-12-02 14:20:41 [31merror[39m: User registration failed: Error sending email
2024-12-02 14:35:56 [32minfo[39m: New user registered: ariij.saleh@gmail.com
2024-12-02 14:35:58 [32minfo[39m: Email sent: <968f507c-2ca2-464d-2e2d-824f17e7e566@houddle.com> to ariij.saleh@gmail.com
2024-12-02 14:35:58 [32minfo[39m: User registration successful: ariij.saleh@gmail.com
2024-12-02 14:39:23 [32minfo[39m: User logged in: ariij.saleh@gmail.com
2024-12-02 14:39:23 [32minfo[39m: Login successful: ariij.saleh@gmail.com
2024-12-02 14:40:03 [32minfo[39m: User logged in: ariij.saleh@gmail.com
2024-12-02 14:40:03 [32minfo[39m: Login successful: ariij.saleh@gmail.com
2024-12-02 14:43:18 [32minfo[39m: User logged in: ariij.saleh@gmail.com
2024-12-02 14:43:18 [32minfo[39m: Login successful: ariij.saleh@gmail.com
2024-12-02 14:50:41 [32minfo[39m: User logged in: ariij.saleh@gmail.com
2024-12-02 14:50:41 [32minfo[39m: Login successful: ariij.saleh@gmail.com
2024-12-02 14:50:48 [32minfo[39m: User logged in: ariij.saleh@gmail.com
2024-12-02 14:50:48 [32minfo[39m: Login successful: ariij.saleh@gmail.com
2024-12-02 14:51:13 [32minfo[39m: User logged in: ariij.saleh@gmail.com
2024-12-02 14:51:13 [32minfo[39m: Login successful: ariij.saleh@gmail.com
2024-12-02 14:51:16 [32minfo[39m: User logged in: ariij.saleh@gmail.com
2024-12-02 14:51:16 [32minfo[39m: Login successful: ariij.saleh@gmail.com
2024-12-02 14:51:41 [32minfo[39m: User logged in: ariij.saleh@gmail.com
2024-12-02 14:51:41 [32minfo[39m: Login successful: ariij.saleh@gmail.com
2024-12-02 18:34:47 [32minfo[39m: Login successful: ariij.saleh@gmail.com
2024-12-02 18:34:53 [32minfo[39m: Login successful: ariij.saleh@gmail.com
2024-12-02 18:35:12 [32minfo[39m: Login successful: ariij.saleh@gmail.com
2024-12-02 18:35:58 [32minfo[39m: Login successful: ariij.saleh@gmail.com
2024-12-02 18:38:28 [32minfo[39m: Login successful: ariij.saleh@gmail.com
2024-12-02 18:40:44 [32minfo[39m: Login successful: ariij.saleh@gmail.com
2024-12-02 18:41:06 [32minfo[39m: Login successful: ariij.saleh@gmail.com
2024-12-02 18:41:31 [32minfo[39m: Login successful: ariij.saleh@gmail.com
2024-12-02 18:42:00 [32minfo[39m: Login successful: ariij.saleh@gmail.com
2024-12-02 18:42:12 [32minfo[39m: Login successful: ariij.saleh@gmail.com
2024-12-02 18:42:58 [32minfo[39m: User already logged in: 7
2024-12-02 18:43:48 [33mwarn[39m: Attempted registration with existing email: ariij.saleh@gmail.com
2024-12-02 18:43:48 [31merror[39m: User registration failed: Email already exists
2024-12-02 18:44:44 [32minfo[39m: User already logged in with id : 7
2024-12-02 21:08:57 [31merror[39m: Unauthorized access attempt: jwt expired
2024-12-02 21:09:08 [32minfo[39m: Login successful: ariij.saleh@gmail.com
2024-12-02 21:09:29 [31merror[39m: Failed to fetch user profile: 
Invalid `prisma.user.findUnique()` invocation:

{
  where: {
    id: undefined,
?   email?: String,
?   AND?: UserWhereInput | UserWhereInput[],
?   OR?: UserWhereInput[],
?   NOT?: UserWhereInput | UserWhereInput[],
?   passwordHash?: StringFilter | String,
?   role?: EnumRoleFilter | Role,
?   isVerified?: BoolFilter | Boolean,
?   createdAt?: DateTimeFilter | DateTime,
?   updatedAt?: DateTimeFilter | DateTime,
?   lastLogin?: DateTimeNullableFilter | DateTime | Null,
?   resetToken?: StringNullableFilter | String | Null,
?   resetTokenExpiry?: DateTimeNullableFilter | DateTime | Null
  }
}

Argument `where` of type UserWhereUniqueInput needs at least one of `id` or `email` arguments. Available options are marked with ?.
2024-12-02 21:11:43 [31merror[39m: Failed to fetch user profile: 
Invalid `prisma.user.findUnique()` invocation:

{
  where: {
    id: undefined,
?   email?: String,
?   AND?: UserWhereInput | UserWhereInput[],
?   OR?: UserWhereInput[],
?   NOT?: UserWhereInput | UserWhereInput[],
?   passwordHash?: StringFilter | String,
?   role?: EnumRoleFilter | Role,
?   isVerified?: BoolFilter | Boolean,
?   createdAt?: DateTimeFilter | DateTime,
?   updatedAt?: DateTimeFilter | DateTime,
?   lastLogin?: DateTimeNullableFilter | DateTime | Null,
?   resetToken?: StringNullableFilter | String | Null,
?   resetTokenExpiry?: DateTimeNullableFilter | DateTime | Null
  }
}

Argument `where` of type UserWhereUniqueInput needs at least one of `id` or `email` arguments. Available options are marked with ?.
2024-12-02 21:12:56 [31merror[39m: Failed to fetch user profile: 
Invalid `prisma.user.findUnique()` invocation:

{
  where: {
    id: undefined,
?   email?: String,
?   AND?: UserWhereInput | UserWhereInput[],
?   OR?: UserWhereInput[],
?   NOT?: UserWhereInput | UserWhereInput[],
?   passwordHash?: StringFilter | String,
?   role?: EnumRoleFilter | Role,
?   isVerified?: BoolFilter | Boolean,
?   createdAt?: DateTimeFilter | DateTime,
?   updatedAt?: DateTimeFilter | DateTime,
?   lastLogin?: DateTimeNullableFilter | DateTime | Null,
?   resetToken?: StringNullableFilter | String | Null,
?   resetTokenExpiry?: DateTimeNullableFilter | DateTime | Null
  }
}

Argument `where` of type UserWhereUniqueInput needs at least one of `id` or `email` arguments. Available options are marked with ?.
2024-12-02 21:13:12 [31merror[39m: Failed to fetch user profile: 
Invalid `prisma.user.findUnique()` invocation:

{
  where: {
    id: undefined,
?   email?: String,
?   AND?: UserWhereInput | UserWhereInput[],
?   OR?: UserWhereInput[],
?   NOT?: UserWhereInput | UserWhereInput[],
?   passwordHash?: StringFilter | String,
?   role?: EnumRoleFilter | Role,
?   isVerified?: BoolFilter | Boolean,
?   createdAt?: DateTimeFilter | DateTime,
?   updatedAt?: DateTimeFilter | DateTime,
?   lastLogin?: DateTimeNullableFilter | DateTime | Null,
?   resetToken?: StringNullableFilter | String | Null,
?   resetTokenExpiry?: DateTimeNullableFilter | DateTime | Null
  }
}

Argument `where` of type UserWhereUniqueInput needs at least one of `id` or `email` arguments. Available options are marked with ?.
2024-12-02 21:14:58 [31merror[39m: Failed to fetch user profile: 
Invalid `prisma.user.findUnique()` invocation:

{
  where: {
    id: undefined,
?   email?: String,
?   AND?: UserWhereInput | UserWhereInput[],
?   OR?: UserWhereInput[],
?   NOT?: UserWhereInput | UserWhereInput[],
?   passwordHash?: StringFilter | String,
?   role?: EnumRoleFilter | Role,
?   isVerified?: BoolFilter | Boolean,
?   createdAt?: DateTimeFilter | DateTime,
?   updatedAt?: DateTimeFilter | DateTime,
?   lastLogin?: DateTimeNullableFilter | DateTime | Null,
?   resetToken?: StringNullableFilter | String | Null,
?   resetTokenExpiry?: DateTimeNullableFilter | DateTime | Null
  }
}

Argument `where` of type UserWhereUniqueInput needs at least one of `id` or `email` arguments. Available options are marked with ?.
2024-12-02 21:23:18 [32minfo[39m: Email sent: <33fee982-2483-cd82-cfff-6d888a1af505@houddle.com> to ariij.saleh@gmail.com
2024-12-02 21:23:18 [32minfo[39m: Password reset email sent to: ariij.saleh@gmail.com
2024-12-02 21:35:18 [32minfo[39m: Password successfully reset for user: ariij.saleh@gmail.com
2024-12-02 21:36:48 [33mwarn[39m: Invalid or expired reset token for email: ariij.saleh@gmail.com
2024-12-02 21:36:48 [31merror[39m: Password reset completion failed: Invalid or expired reset token
2024-12-02 21:36:58 [33mwarn[39m: Invalid or expired reset token for email: ariij.saleh@gmail.c
2024-12-02 21:36:58 [31merror[39m: Password reset completion failed: Invalid or expired reset token
2024-12-02 21:37:36 [32minfo[39m: Email sent: <fb97c5cd-f90a-f776-a69f-98c53e8bf7ec@houddle.com> to ariij.saleh@gmail.com
2024-12-02 21:37:36 [32minfo[39m: Password reset email sent to: ariij.saleh@gmail.com
2024-12-02 21:38:17 [32minfo[39m: Password successfully reset for user: ariij.saleh@gmail.com
2024-12-02 21:46:33 [32minfo[39m: Email sent: <b9ab27b0-4115-2960-2c55-297956666024@houddle.com> to ariij.saleh@gmail.com
2024-12-02 21:46:33 [32minfo[39m: Password reset email sent to: ariij.saleh@gmail.com
