2024-12-02 13:01:08 [31merror[39m: Error sending email to ariij.saleh@gmail.com: getaddrinfo ENOTFOUND smtp.example.com
2024-12-02 13:01:08 [31merror[39m: User registration failed: Error sending email
2024-12-02 13:45:36 [31merror[39m: User registration failed: Email already exists
2024-12-02 13:51:38 [31merror[39m: Error sending email to ariij.saleh@gmail.com: getaddrinfo ENOTFOUND smtp.outlook.fr
2024-12-02 13:51:38 [31merror[39m: User registration failed: Error sending email
2024-12-02 13:53:40 [31merror[39m: Error sending email to ariij.saleh@gmail.com: getaddrinfo ENOTFOUND smtp.outlook.fr
2024-12-02 13:53:40 [31merror[39m: User registration failed: Error sending email
2024-12-02 13:54:22 [31merror[39m: Error sending email to ariij.saleh@gmail.com: Invalid login: 535 5.7.139 Authentication unsuccessful, basic authentication is disabled. [ZR0P278CA0012.CHEP278.PROD.OUTLOOK.COM 2024-12-02T12:54:22.053Z 08DD11C65DA8B95D]
2024-12-02 13:54:22 [31merror[39m: User registration failed: Error sending email
2024-12-02 14:17:35 [31merror[39m: Error sending email to ariij.saleh@gmail.com: Invalid login: 535 5.7.139 Authentication unsuccessful, basic authentication is disabled. [MI1P293CA0019.ITAP293.PROD.OUTLOOK.COM 2024-12-02T13:17:35.391Z 08DD125075901BC1]
2024-12-02 14:17:35 [31merror[39m: User registration failed: Error sending email
2024-12-02 14:20:41 [31merror[39m: Error sending email to ariij.saleh@gmail.com: Invalid login: 535 5.7.139 Authentication unsuccessful, basic authentication is disabled. [MI0P293CA0012.ITAP293.PROD.OUTLOOK.COM 2024-12-02T13:20:41.596Z 08DD11AC70FB2FA5]
2024-12-02 14:20:41 [31merror[39m: User registration failed: Error sending email
2024-12-02 18:43:48 [31merror[39m: User registration failed: Email already exists
2024-12-02 21:08:57 [31merror[39m: Unauthorized access attempt: jwt expired
2024-12-02 21:09:29 [31merror[39m: Failed to fetch user profile: 
Invalid `prisma.user.findUnique()` invocation:

{
  where: {
    id: undefined,
?   email?: String,
?   AND?: UserWhereInput | UserWhereInput[],
?   OR?: UserWhereInput[],
?   NOT?: UserWhereInput | UserWhereInput[],
?   passwordHash?: StringFilter | String,
?   role?: EnumRoleFilter | Role,
?   isVerified?: BoolFilter | Boolean,
?   createdAt?: DateTimeFilter | DateTime,
?   updatedAt?: DateTimeFilter | DateTime,
?   lastLogin?: DateTimeNullableFilter | DateTime | Null,
?   resetToken?: StringNullableFilter | String | Null,
?   resetTokenExpiry?: DateTimeNullableFilter | DateTime | Null
  }
}

Argument `where` of type UserWhereUniqueInput needs at least one of `id` or `email` arguments. Available options are marked with ?.
2024-12-02 21:11:43 [31merror[39m: Failed to fetch user profile: 
Invalid `prisma.user.findUnique()` invocation:

{
  where: {
    id: undefined,
?   email?: String,
?   AND?: UserWhereInput | UserWhereInput[],
?   OR?: UserWhereInput[],
?   NOT?: UserWhereInput | UserWhereInput[],
?   passwordHash?: StringFilter | String,
?   role?: EnumRoleFilter | Role,
?   isVerified?: BoolFilter | Boolean,
?   createdAt?: DateTimeFilter | DateTime,
?   updatedAt?: DateTimeFilter | DateTime,
?   lastLogin?: DateTimeNullableFilter | DateTime | Null,
?   resetToken?: StringNullableFilter | String | Null,
?   resetTokenExpiry?: DateTimeNullableFilter | DateTime | Null
  }
}

Argument `where` of type UserWhereUniqueInput needs at least one of `id` or `email` arguments. Available options are marked with ?.
2024-12-02 21:12:56 [31merror[39m: Failed to fetch user profile: 
Invalid `prisma.user.findUnique()` invocation:

{
  where: {
    id: undefined,
?   email?: String,
?   AND?: UserWhereInput | UserWhereInput[],
?   OR?: UserWhereInput[],
?   NOT?: UserWhereInput | UserWhereInput[],
?   passwordHash?: StringFilter | String,
?   role?: EnumRoleFilter | Role,
?   isVerified?: BoolFilter | Boolean,
?   createdAt?: DateTimeFilter | DateTime,
?   updatedAt?: DateTimeFilter | DateTime,
?   lastLogin?: DateTimeNullableFilter | DateTime | Null,
?   resetToken?: StringNullableFilter | String | Null,
?   resetTokenExpiry?: DateTimeNullableFilter | DateTime | Null
  }
}

Argument `where` of type UserWhereUniqueInput needs at least one of `id` or `email` arguments. Available options are marked with ?.
2024-12-02 21:13:12 [31merror[39m: Failed to fetch user profile: 
Invalid `prisma.user.findUnique()` invocation:

{
  where: {
    id: undefined,
?   email?: String,
?   AND?: UserWhereInput | UserWhereInput[],
?   OR?: UserWhereInput[],
?   NOT?: UserWhereInput | UserWhereInput[],
?   passwordHash?: StringFilter | String,
?   role?: EnumRoleFilter | Role,
?   isVerified?: BoolFilter | Boolean,
?   createdAt?: DateTimeFilter | DateTime,
?   updatedAt?: DateTimeFilter | DateTime,
?   lastLogin?: DateTimeNullableFilter | DateTime | Null,
?   resetToken?: StringNullableFilter | String | Null,
?   resetTokenExpiry?: DateTimeNullableFilter | DateTime | Null
  }
}

Argument `where` of type UserWhereUniqueInput needs at least one of `id` or `email` arguments. Available options are marked with ?.
2024-12-02 21:14:58 [31merror[39m: Failed to fetch user profile: 
Invalid `prisma.user.findUnique()` invocation:

{
  where: {
    id: undefined,
?   email?: String,
?   AND?: UserWhereInput | UserWhereInput[],
?   OR?: UserWhereInput[],
?   NOT?: UserWhereInput | UserWhereInput[],
?   passwordHash?: StringFilter | String,
?   role?: EnumRoleFilter | Role,
?   isVerified?: BoolFilter | Boolean,
?   createdAt?: DateTimeFilter | DateTime,
?   updatedAt?: DateTimeFilter | DateTime,
?   lastLogin?: DateTimeNullableFilter | DateTime | Null,
?   resetToken?: StringNullableFilter | String | Null,
?   resetTokenExpiry?: DateTimeNullableFilter | DateTime | Null
  }
}

Argument `where` of type UserWhereUniqueInput needs at least one of `id` or `email` arguments. Available options are marked with ?.
2024-12-02 21:36:48 [31merror[39m: Password reset completion failed: Invalid or expired reset token
2024-12-02 21:36:58 [31merror[39m: Password reset completion failed: Invalid or expired reset token
